<?xml version="1.0" encoding="UTF-8"?>
<testng-results skipped="0" failed="0" ignored="0" total="1" passed="1">
  <reporter-output>
  </reporter-output>
  <suite name="Default suite" duration-ms="4679" started-at="2019-12-28T17:13:21 EST" finished-at="2019-12-28T17:13:25 EST">
    <groups>
    </groups>
    <test name="Default test" duration-ms="4679" started-at="2019-12-28T17:13:21 EST" finished-at="2019-12-28T17:13:25 EST">
      <class name="RestAssuredAPITesting.TC001_GET_Request">
        <test-method status="PASS" signature="getweatherDetails()[pri:0, instance:RestAssuredAPITesting.TC001_GET_Request@7b49cea0]" name="getweatherDetails" duration-ms="4561" started-at="2019-12-28T17:13:21 EST" finished-at="2019-12-28T17:13:25 EST">
          <reporter-output>
          </reporter-output>
        </test-method> <!-- getweatherDetails -->
      </class> <!-- RestAssuredAPITesting.TC001_GET_Request -->
    </test> <!-- Default test -->
  </suite> <!-- Default suite -->
</testng-results>
